Determining if the Q_WS_WIN exist failed with the following output:
Change Dir: /home/robocomp/robocomp/components/RoboticaAvanzada/LegControllerComp/CMakeFiles/CMakeTmp

Run Build Command:"/usr/bin/make" "cmTryCompileExec3825418568/fast"
/usr/bin/make -f CMakeFiles/cmTryCompileExec3825418568.dir/build.make CMakeFiles/cmTryCompileExec3825418568.dir/build
make[1]: Entering directory '/home/salabeta/robocomp/components/RoboticaAvanzada/LegControllerComp/CMakeFiles/CMakeTmp'
/usr/bin/cmake -E cmake_progress_report /home/robocomp/robocomp/components/RoboticaAvanzada/LegControllerComp/CMakeFiles/CMakeTmp/CMakeFiles 1
Building CXX object CMakeFiles/cmTryCompileExec3825418568.dir/CheckSymbolExists.cxx.o
/usr/bin/c++    -I/usr/include/qt4    -o CMakeFiles/cmTryCompileExec3825418568.dir/CheckSymbolExists.cxx.o -c /home/robocomp/robocomp/components/RoboticaAvanzada/LegControllerComp/CMakeFiles/CMakeTmp/CheckSymbolExists.cxx
/home/robocomp/robocomp/components/RoboticaAvanzada/LegControllerComp/CMakeFiles/CMakeTmp/CheckSymbolExists.cxx: In function ‘int main(int, char**)’:
/home/robocomp/robocomp/components/RoboticaAvanzada/LegControllerComp/CMakeFiles/CMakeTmp/CheckSymbolExists.cxx:8:19: error: ‘Q_WS_WIN’ was not declared in this scope
   return ((int*)(&Q_WS_WIN))[argc];
                   ^
CMakeFiles/cmTryCompileExec3825418568.dir/build.make:57: recipe for target 'CMakeFiles/cmTryCompileExec3825418568.dir/CheckSymbolExists.cxx.o' failed
make[1]: Leaving directory '/home/salabeta/robocomp/components/RoboticaAvanzada/LegControllerComp/CMakeFiles/CMakeTmp'
make[1]: *** [CMakeFiles/cmTryCompileExec3825418568.dir/CheckSymbolExists.cxx.o] Error 1
Makefile:117: recipe for target 'cmTryCompileExec3825418568/fast' failed
make: *** [cmTryCompileExec3825418568/fast] Error 2

File /home/robocomp/robocomp/components/RoboticaAvanzada/LegControllerComp/CMakeFiles/CMakeTmp/CheckSymbolExists.cxx:
/* */
#include <QtCore/qglobal.h>

int main(int argc, char** argv)
{
  (void)argv;
#ifndef Q_WS_WIN
  return ((int*)(&Q_WS_WIN))[argc];
#else
  (void)argc;
  return 0;
#endif
}

Determining if the Q_WS_QWS exist failed with the following output:
Change Dir: /home/robocomp/robocomp/components/RoboticaAvanzada/LegControllerComp/CMakeFiles/CMakeTmp

Run Build Command:"/usr/bin/make" "cmTryCompileExec3847358854/fast"
/usr/bin/make -f CMakeFiles/cmTryCompileExec3847358854.dir/build.make CMakeFiles/cmTryCompileExec3847358854.dir/build
make[1]: Entering directory '/home/salabeta/robocomp/components/RoboticaAvanzada/LegControllerComp/CMakeFiles/CMakeTmp'
/usr/bin/cmake -E cmake_progress_report /home/robocomp/robocomp/components/RoboticaAvanzada/LegControllerComp/CMakeFiles/CMakeTmp/CMakeFiles 1
Building CXX object CMakeFiles/cmTryCompileExec3847358854.dir/CheckSymbolExists.cxx.o
/usr/bin/c++    -I/usr/include/qt4    -o CMakeFiles/cmTryCompileExec3847358854.dir/CheckSymbolExists.cxx.o -c /home/robocomp/robocomp/components/RoboticaAvanzada/LegControllerComp/CMakeFiles/CMakeTmp/CheckSymbolExists.cxx
/home/robocomp/robocomp/components/RoboticaAvanzada/LegControllerComp/CMakeFiles/CMakeTmp/CheckSymbolExists.cxx: In function ‘int main(int, char**)’:
/home/robocomp/robocomp/components/RoboticaAvanzada/LegControllerComp/CMakeFiles/CMakeTmp/CheckSymbolExists.cxx:8:19: error: ‘Q_WS_QWS’ was not declared in this scope
   return ((int*)(&Q_WS_QWS))[argc];
                   ^
CMakeFiles/cmTryCompileExec3847358854.dir/build.make:57: recipe for target 'CMakeFiles/cmTryCompileExec3847358854.dir/CheckSymbolExists.cxx.o' failed
make[1]: *** [CMakeFiles/cmTryCompileExec3847358854.dir/CheckSymbolExists.cxx.o] Error 1
make[1]: Leaving directory '/home/salabeta/robocomp/components/RoboticaAvanzada/LegControllerComp/CMakeFiles/CMakeTmp'
Makefile:117: recipe for target 'cmTryCompileExec3847358854/fast' failed
make: *** [cmTryCompileExec3847358854/fast] Error 2

File /home/robocomp/robocomp/components/RoboticaAvanzada/LegControllerComp/CMakeFiles/CMakeTmp/CheckSymbolExists.cxx:
/* */
#include <QtCore/qglobal.h>

int main(int argc, char** argv)
{
  (void)argv;
#ifndef Q_WS_QWS
  return ((int*)(&Q_WS_QWS))[argc];
#else
  (void)argc;
  return 0;
#endif
}

Determining if the Q_WS_MAC exist failed with the following output:
Change Dir: /home/robocomp/robocomp/components/RoboticaAvanzada/LegControllerComp/CMakeFiles/CMakeTmp

Run Build Command:"/usr/bin/make" "cmTryCompileExec3800712339/fast"
/usr/bin/make -f CMakeFiles/cmTryCompileExec3800712339.dir/build.make CMakeFiles/cmTryCompileExec3800712339.dir/build
make[1]: Entering directory '/home/salabeta/robocomp/components/RoboticaAvanzada/LegControllerComp/CMakeFiles/CMakeTmp'
/usr/bin/cmake -E cmake_progress_report /home/robocomp/robocomp/components/RoboticaAvanzada/LegControllerComp/CMakeFiles/CMakeTmp/CMakeFiles 1
Building CXX object CMakeFiles/cmTryCompileExec3800712339.dir/CheckSymbolExists.cxx.o
/usr/bin/c++    -I/usr/include/qt4    -o CMakeFiles/cmTryCompileExec3800712339.dir/CheckSymbolExists.cxx.o -c /home/robocomp/robocomp/components/RoboticaAvanzada/LegControllerComp/CMakeFiles/CMakeTmp/CheckSymbolExists.cxx
/home/robocomp/robocomp/components/RoboticaAvanzada/LegControllerComp/CMakeFiles/CMakeTmp/CheckSymbolExists.cxx: In function ‘int main(int, char**)’:
/home/robocomp/robocomp/components/RoboticaAvanzada/LegControllerComp/CMakeFiles/CMakeTmp/CheckSymbolExists.cxx:8:19: error: ‘Q_WS_MAC’ was not declared in this scope
   return ((int*)(&Q_WS_MAC))[argc];
                   ^
CMakeFiles/cmTryCompileExec3800712339.dir/build.make:57: recipe for target 'CMakeFiles/cmTryCompileExec3800712339.dir/CheckSymbolExists.cxx.o' failed
make[1]: *** [CMakeFiles/cmTryCompileExec3800712339.dir/CheckSymbolExists.cxx.o] Error 1
make[1]: Leaving directory '/home/salabeta/robocomp/components/RoboticaAvanzada/LegControllerComp/CMakeFiles/CMakeTmp'
Makefile:117: recipe for target 'cmTryCompileExec3800712339/fast' failed
make: *** [cmTryCompileExec3800712339/fast] Error 2

File /home/robocomp/robocomp/components/RoboticaAvanzada/LegControllerComp/CMakeFiles/CMakeTmp/CheckSymbolExists.cxx:
/* */
#include <QtCore/qglobal.h>

int main(int argc, char** argv)
{
  (void)argv;
#ifndef Q_WS_MAC
  return ((int*)(&Q_WS_MAC))[argc];
#else
  (void)argc;
  return 0;
#endif
}

Determining if the Q_WS_WIN exist failed with the following output:
Change Dir: /home/robocomp/robocomp/components/RoboticaAvanzada/LegControllerComp/CMakeFiles/CMakeTmp

Run Build Command:"/usr/bin/make" "cmTryCompileExec149801268/fast"
make[1]: Entering directory '/home/salabeta/robocomp/components/RoboticaAvanzada/LegControllerComp/CMakeFiles/CMakeTmp'
/usr/bin/make -f CMakeFiles/cmTryCompileExec149801268.dir/build.make CMakeFiles/cmTryCompileExec149801268.dir/build
make[2]: Entering directory '/home/salabeta/robocomp/components/RoboticaAvanzada/LegControllerComp/CMakeFiles/CMakeTmp'
/usr/bin/cmake -E cmake_progress_report /home/robocomp/robocomp/components/RoboticaAvanzada/LegControllerComp/CMakeFiles/CMakeTmp/CMakeFiles 1
Building CXX object CMakeFiles/cmTryCompileExec149801268.dir/CheckSymbolExists.cxx.o
/usr/bin/c++    -I/usr/include/qt4    -o CMakeFiles/cmTryCompileExec149801268.dir/CheckSymbolExists.cxx.o -c /home/robocomp/robocomp/components/RoboticaAvanzada/LegControllerComp/CMakeFiles/CMakeTmp/CheckSymbolExists.cxx
/home/robocomp/robocomp/components/RoboticaAvanzada/LegControllerComp/CMakeFiles/CMakeTmp/CheckSymbolExists.cxx: In function ‘int main(int, char**)’:
/home/robocomp/robocomp/components/RoboticaAvanzada/LegControllerComp/CMakeFiles/CMakeTmp/CheckSymbolExists.cxx:8:19: error: ‘Q_WS_WIN’ was not declared in this scope
   return ((int*)(&Q_WS_WIN))[argc];
                   ^
CMakeFiles/cmTryCompileExec149801268.dir/build.make:57: recipe for target 'CMakeFiles/cmTryCompileExec149801268.dir/CheckSymbolExists.cxx.o' failed
make[2]: Leaving directory '/home/salabeta/robocomp/components/RoboticaAvanzada/LegControllerComp/CMakeFiles/CMakeTmp'
make[2]: *** [CMakeFiles/cmTryCompileExec149801268.dir/CheckSymbolExists.cxx.o] Error 1
Makefile:117: recipe for target 'cmTryCompileExec149801268/fast' failed
make[1]: *** [cmTryCompileExec149801268/fast] Error 2
make[1]: Leaving directory '/home/salabeta/robocomp/components/RoboticaAvanzada/LegControllerComp/CMakeFiles/CMakeTmp'

File /home/robocomp/robocomp/components/RoboticaAvanzada/LegControllerComp/CMakeFiles/CMakeTmp/CheckSymbolExists.cxx:
/* */
#include <QtCore/qglobal.h>

int main(int argc, char** argv)
{
  (void)argv;
#ifndef Q_WS_WIN
  return ((int*)(&Q_WS_WIN))[argc];
#else
  (void)argc;
  return 0;
#endif
}

Determining if the Q_WS_QWS exist failed with the following output:
Change Dir: /home/robocomp/robocomp/components/RoboticaAvanzada/LegControllerComp/CMakeFiles/CMakeTmp

Run Build Command:"/usr/bin/make" "cmTryCompileExec1651125463/fast"
make[1]: Entering directory '/home/salabeta/robocomp/components/RoboticaAvanzada/LegControllerComp/CMakeFiles/CMakeTmp'
/usr/bin/make -f CMakeFiles/cmTryCompileExec1651125463.dir/build.make CMakeFiles/cmTryCompileExec1651125463.dir/build
make[2]: Entering directory '/home/salabeta/robocomp/components/RoboticaAvanzada/LegControllerComp/CMakeFiles/CMakeTmp'
/usr/bin/cmake -E cmake_progress_report /home/robocomp/robocomp/components/RoboticaAvanzada/LegControllerComp/CMakeFiles/CMakeTmp/CMakeFiles 1
Building CXX object CMakeFiles/cmTryCompileExec1651125463.dir/CheckSymbolExists.cxx.o
/usr/bin/c++    -I/usr/include/qt4    -o CMakeFiles/cmTryCompileExec1651125463.dir/CheckSymbolExists.cxx.o -c /home/robocomp/robocomp/components/RoboticaAvanzada/LegControllerComp/CMakeFiles/CMakeTmp/CheckSymbolExists.cxx
/home/robocomp/robocomp/components/RoboticaAvanzada/LegControllerComp/CMakeFiles/CMakeTmp/CheckSymbolExists.cxx: In function ‘int main(int, char**)’:
/home/robocomp/robocomp/components/RoboticaAvanzada/LegControllerComp/CMakeFiles/CMakeTmp/CheckSymbolExists.cxx:8:19: error: ‘Q_WS_QWS’ was not declared in this scope
   return ((int*)(&Q_WS_QWS))[argc];
                   ^
CMakeFiles/cmTryCompileExec1651125463.dir/build.make:57: recipe for target 'CMakeFiles/cmTryCompileExec1651125463.dir/CheckSymbolExists.cxx.o' failed
make[2]: Leaving directory '/home/salabeta/robocomp/components/RoboticaAvanzada/LegControllerComp/CMakeFiles/CMakeTmp'
make[2]: *** [CMakeFiles/cmTryCompileExec1651125463.dir/CheckSymbolExists.cxx.o] Error 1
Makefile:117: recipe for target 'cmTryCompileExec1651125463/fast' failed
make[1]: Leaving directory '/home/salabeta/robocomp/components/RoboticaAvanzada/LegControllerComp/CMakeFiles/CMakeTmp'
make[1]: *** [cmTryCompileExec1651125463/fast] Error 2

File /home/robocomp/robocomp/components/RoboticaAvanzada/LegControllerComp/CMakeFiles/CMakeTmp/CheckSymbolExists.cxx:
/* */
#include <QtCore/qglobal.h>

int main(int argc, char** argv)
{
  (void)argv;
#ifndef Q_WS_QWS
  return ((int*)(&Q_WS_QWS))[argc];
#else
  (void)argc;
  return 0;
#endif
}

Determining if the Q_WS_MAC exist failed with the following output:
Change Dir: /home/robocomp/robocomp/components/RoboticaAvanzada/LegControllerComp/CMakeFiles/CMakeTmp

Run Build Command:"/usr/bin/make" "cmTryCompileExec2341431462/fast"
make[1]: Entering directory '/home/salabeta/robocomp/components/RoboticaAvanzada/LegControllerComp/CMakeFiles/CMakeTmp'
/usr/bin/make -f CMakeFiles/cmTryCompileExec2341431462.dir/build.make CMakeFiles/cmTryCompileExec2341431462.dir/build
make[2]: Entering directory '/home/salabeta/robocomp/components/RoboticaAvanzada/LegControllerComp/CMakeFiles/CMakeTmp'
/usr/bin/cmake -E cmake_progress_report /home/robocomp/robocomp/components/RoboticaAvanzada/LegControllerComp/CMakeFiles/CMakeTmp/CMakeFiles 1
Building CXX object CMakeFiles/cmTryCompileExec2341431462.dir/CheckSymbolExists.cxx.o
/usr/bin/c++    -I/usr/include/qt4    -o CMakeFiles/cmTryCompileExec2341431462.dir/CheckSymbolExists.cxx.o -c /home/robocomp/robocomp/components/RoboticaAvanzada/LegControllerComp/CMakeFiles/CMakeTmp/CheckSymbolExists.cxx
/home/robocomp/robocomp/components/RoboticaAvanzada/LegControllerComp/CMakeFiles/CMakeTmp/CheckSymbolExists.cxx: In function ‘int main(int, char**)’:
/home/robocomp/robocomp/components/RoboticaAvanzada/LegControllerComp/CMakeFiles/CMakeTmp/CheckSymbolExists.cxx:8:19: error: ‘Q_WS_MAC’ was not declared in this scope
   return ((int*)(&Q_WS_MAC))[argc];
                   ^
CMakeFiles/cmTryCompileExec2341431462.dir/build.make:57: recipe for target 'CMakeFiles/cmTryCompileExec2341431462.dir/CheckSymbolExists.cxx.o' failed
make[2]: Leaving directory '/home/salabeta/robocomp/components/RoboticaAvanzada/LegControllerComp/CMakeFiles/CMakeTmp'
make[2]: *** [CMakeFiles/cmTryCompileExec2341431462.dir/CheckSymbolExists.cxx.o] Error 1
Makefile:117: recipe for target 'cmTryCompileExec2341431462/fast' failed
make[1]: Leaving directory '/home/salabeta/robocomp/components/RoboticaAvanzada/LegControllerComp/CMakeFiles/CMakeTmp'
make[1]: *** [cmTryCompileExec2341431462/fast] Error 2

File /home/robocomp/robocomp/components/RoboticaAvanzada/LegControllerComp/CMakeFiles/CMakeTmp/CheckSymbolExists.cxx:
/* */
#include <QtCore/qglobal.h>

int main(int argc, char** argv)
{
  (void)argv;
#ifndef Q_WS_MAC
  return ((int*)(&Q_WS_MAC))[argc];
#else
  (void)argc;
  return 0;
#endif
}

Determining if the Q_WS_WIN exist failed with the following output:
Change Dir: /home/robocomp/robocomp/components/RoboticaAvanzada/LegControllerComp/CMakeFiles/CMakeTmp

Run Build Command:"/usr/bin/make" "cmTryCompileExec250705419/fast"
/usr/bin/make -f CMakeFiles/cmTryCompileExec250705419.dir/build.make CMakeFiles/cmTryCompileExec250705419.dir/build
make[1]: Entering directory '/home/salabeta/robocomp/components/RoboticaAvanzada/LegControllerComp/CMakeFiles/CMakeTmp'
/usr/bin/cmake -E cmake_progress_report /home/robocomp/robocomp/components/RoboticaAvanzada/LegControllerComp/CMakeFiles/CMakeTmp/CMakeFiles 1
Building CXX object CMakeFiles/cmTryCompileExec250705419.dir/CheckSymbolExists.cxx.o
/usr/bin/c++    -I/usr/include/qt4    -o CMakeFiles/cmTryCompileExec250705419.dir/CheckSymbolExists.cxx.o -c /home/robocomp/robocomp/components/RoboticaAvanzada/LegControllerComp/CMakeFiles/CMakeTmp/CheckSymbolExists.cxx
/home/robocomp/robocomp/components/RoboticaAvanzada/LegControllerComp/CMakeFiles/CMakeTmp/CheckSymbolExists.cxx: In function ‘int main(int, char**)’:
/home/robocomp/robocomp/components/RoboticaAvanzada/LegControllerComp/CMakeFiles/CMakeTmp/CheckSymbolExists.cxx:8:19: error: ‘Q_WS_WIN’ was not declared in this scope
   return ((int*)(&Q_WS_WIN))[argc];
                   ^
CMakeFiles/cmTryCompileExec250705419.dir/build.make:57: recipe for target 'CMakeFiles/cmTryCompileExec250705419.dir/CheckSymbolExists.cxx.o' failed
make[1]: *** [CMakeFiles/cmTryCompileExec250705419.dir/CheckSymbolExists.cxx.o] Error 1
make[1]: Leaving directory '/home/salabeta/robocomp/components/RoboticaAvanzada/LegControllerComp/CMakeFiles/CMakeTmp'
Makefile:117: recipe for target 'cmTryCompileExec250705419/fast' failed
make: *** [cmTryCompileExec250705419/fast] Error 2

File /home/robocomp/robocomp/components/RoboticaAvanzada/LegControllerComp/CMakeFiles/CMakeTmp/CheckSymbolExists.cxx:
/* */
#include <QtCore/qglobal.h>

int main(int argc, char** argv)
{
  (void)argv;
#ifndef Q_WS_WIN
  return ((int*)(&Q_WS_WIN))[argc];
#else
  (void)argc;
  return 0;
#endif
}

Determining if the Q_WS_QWS exist failed with the following output:
Change Dir: /home/robocomp/robocomp/components/RoboticaAvanzada/LegControllerComp/CMakeFiles/CMakeTmp

Run Build Command:"/usr/bin/make" "cmTryCompileExec1762590093/fast"
/usr/bin/make -f CMakeFiles/cmTryCompileExec1762590093.dir/build.make CMakeFiles/cmTryCompileExec1762590093.dir/build
make[1]: Entering directory '/home/salabeta/robocomp/components/RoboticaAvanzada/LegControllerComp/CMakeFiles/CMakeTmp'
/usr/bin/cmake -E cmake_progress_report /home/robocomp/robocomp/components/RoboticaAvanzada/LegControllerComp/CMakeFiles/CMakeTmp/CMakeFiles 1
Building CXX object CMakeFiles/cmTryCompileExec1762590093.dir/CheckSymbolExists.cxx.o
/usr/bin/c++    -I/usr/include/qt4    -o CMakeFiles/cmTryCompileExec1762590093.dir/CheckSymbolExists.cxx.o -c /home/robocomp/robocomp/components/RoboticaAvanzada/LegControllerComp/CMakeFiles/CMakeTmp/CheckSymbolExists.cxx
/home/robocomp/robocomp/components/RoboticaAvanzada/LegControllerComp/CMakeFiles/CMakeTmp/CheckSymbolExists.cxx: In function ‘int main(int, char**)’:
/home/robocomp/robocomp/components/RoboticaAvanzada/LegControllerComp/CMakeFiles/CMakeTmp/CheckSymbolExists.cxx:8:19: error: ‘Q_WS_QWS’ was not declared in this scope
   return ((int*)(&Q_WS_QWS))[argc];
                   ^
CMakeFiles/cmTryCompileExec1762590093.dir/build.make:57: recipe for target 'CMakeFiles/cmTryCompileExec1762590093.dir/CheckSymbolExists.cxx.o' failed
make[1]: Leaving directory '/home/salabeta/robocomp/components/RoboticaAvanzada/LegControllerComp/CMakeFiles/CMakeTmp'
make[1]: *** [CMakeFiles/cmTryCompileExec1762590093.dir/CheckSymbolExists.cxx.o] Error 1
Makefile:117: recipe for target 'cmTryCompileExec1762590093/fast' failed
make: *** [cmTryCompileExec1762590093/fast] Error 2

File /home/robocomp/robocomp/components/RoboticaAvanzada/LegControllerComp/CMakeFiles/CMakeTmp/CheckSymbolExists.cxx:
/* */
#include <QtCore/qglobal.h>

int main(int argc, char** argv)
{
  (void)argv;
#ifndef Q_WS_QWS
  return ((int*)(&Q_WS_QWS))[argc];
#else
  (void)argc;
  return 0;
#endif
}

Determining if the Q_WS_MAC exist failed with the following output:
Change Dir: /home/robocomp/robocomp/components/RoboticaAvanzada/LegControllerComp/CMakeFiles/CMakeTmp

Run Build Command:"/usr/bin/make" "cmTryCompileExec1322087732/fast"
/usr/bin/make -f CMakeFiles/cmTryCompileExec1322087732.dir/build.make CMakeFiles/cmTryCompileExec1322087732.dir/build
make[1]: Entering directory '/home/salabeta/robocomp/components/RoboticaAvanzada/LegControllerComp/CMakeFiles/CMakeTmp'
/usr/bin/cmake -E cmake_progress_report /home/robocomp/robocomp/components/RoboticaAvanzada/LegControllerComp/CMakeFiles/CMakeTmp/CMakeFiles 1
Building CXX object CMakeFiles/cmTryCompileExec1322087732.dir/CheckSymbolExists.cxx.o
/usr/bin/c++    -I/usr/include/qt4    -o CMakeFiles/cmTryCompileExec1322087732.dir/CheckSymbolExists.cxx.o -c /home/robocomp/robocomp/components/RoboticaAvanzada/LegControllerComp/CMakeFiles/CMakeTmp/CheckSymbolExists.cxx
/home/robocomp/robocomp/components/RoboticaAvanzada/LegControllerComp/CMakeFiles/CMakeTmp/CheckSymbolExists.cxx: In function ‘int main(int, char**)’:
/home/robocomp/robocomp/components/RoboticaAvanzada/LegControllerComp/CMakeFiles/CMakeTmp/CheckSymbolExists.cxx:8:19: error: ‘Q_WS_MAC’ was not declared in this scope
   return ((int*)(&Q_WS_MAC))[argc];
                   ^
CMakeFiles/cmTryCompileExec1322087732.dir/build.make:57: recipe for target 'CMakeFiles/cmTryCompileExec1322087732.dir/CheckSymbolExists.cxx.o' failed
make[1]: Leaving directory '/home/salabeta/robocomp/components/RoboticaAvanzada/LegControllerComp/CMakeFiles/CMakeTmp'
make[1]: *** [CMakeFiles/cmTryCompileExec1322087732.dir/CheckSymbolExists.cxx.o] Error 1
Makefile:117: recipe for target 'cmTryCompileExec1322087732/fast' failed
make: *** [cmTryCompileExec1322087732/fast] Error 2

File /home/robocomp/robocomp/components/RoboticaAvanzada/LegControllerComp/CMakeFiles/CMakeTmp/CheckSymbolExists.cxx:
/* */
#include <QtCore/qglobal.h>

int main(int argc, char** argv)
{
  (void)argv;
#ifndef Q_WS_MAC
  return ((int*)(&Q_WS_MAC))[argc];
#else
  (void)argc;
  return 0;
#endif
}

Determining if the Q_WS_WIN exist failed with the following output:
Change Dir: /home/robocomp/robocomp/components/RoboticaAvanzada/LegControllerComp/CMakeFiles/CMakeTmp

Run Build Command:"/usr/bin/make" "cmTryCompileExec2794999833/fast"
make[1]: Entering directory '/home/salabeta/robocomp/components/RoboticaAvanzada/LegControllerComp/CMakeFiles/CMakeTmp'
/usr/bin/make -f CMakeFiles/cmTryCompileExec2794999833.dir/build.make CMakeFiles/cmTryCompileExec2794999833.dir/build
make[2]: Entering directory '/home/salabeta/robocomp/components/RoboticaAvanzada/LegControllerComp/CMakeFiles/CMakeTmp'
/usr/bin/cmake -E cmake_progress_report /home/robocomp/robocomp/components/RoboticaAvanzada/LegControllerComp/CMakeFiles/CMakeTmp/CMakeFiles 1
Building CXX object CMakeFiles/cmTryCompileExec2794999833.dir/CheckSymbolExists.cxx.o
/usr/bin/c++    -I/usr/include/qt4    -o CMakeFiles/cmTryCompileExec2794999833.dir/CheckSymbolExists.cxx.o -c /home/robocomp/robocomp/components/RoboticaAvanzada/LegControllerComp/CMakeFiles/CMakeTmp/CheckSymbolExists.cxx
/home/robocomp/robocomp/components/RoboticaAvanzada/LegControllerComp/CMakeFiles/CMakeTmp/CheckSymbolExists.cxx: In function ‘int main(int, char**)’:
/home/robocomp/robocomp/components/RoboticaAvanzada/LegControllerComp/CMakeFiles/CMakeTmp/CheckSymbolExists.cxx:8:19: error: ‘Q_WS_WIN’ was not declared in this scope
   return ((int*)(&Q_WS_WIN))[argc];
                   ^
CMakeFiles/cmTryCompileExec2794999833.dir/build.make:57: recipe for target 'CMakeFiles/cmTryCompileExec2794999833.dir/CheckSymbolExists.cxx.o' failed
make[2]: Leaving directory '/home/salabeta/robocomp/components/RoboticaAvanzada/LegControllerComp/CMakeFiles/CMakeTmp'
make[2]: *** [CMakeFiles/cmTryCompileExec2794999833.dir/CheckSymbolExists.cxx.o] Error 1
Makefile:117: recipe for target 'cmTryCompileExec2794999833/fast' failed
make[1]: Leaving directory '/home/salabeta/robocomp/components/RoboticaAvanzada/LegControllerComp/CMakeFiles/CMakeTmp'
make[1]: *** [cmTryCompileExec2794999833/fast] Error 2

File /home/robocomp/robocomp/components/RoboticaAvanzada/LegControllerComp/CMakeFiles/CMakeTmp/CheckSymbolExists.cxx:
/* */
#include <QtCore/qglobal.h>

int main(int argc, char** argv)
{
  (void)argv;
#ifndef Q_WS_WIN
  return ((int*)(&Q_WS_WIN))[argc];
#else
  (void)argc;
  return 0;
#endif
}

Determining if the Q_WS_QWS exist failed with the following output:
Change Dir: /home/robocomp/robocomp/components/RoboticaAvanzada/LegControllerComp/CMakeFiles/CMakeTmp

Run Build Command:"/usr/bin/make" "cmTryCompileExec4117075106/fast"
make[1]: Entering directory '/home/salabeta/robocomp/components/RoboticaAvanzada/LegControllerComp/CMakeFiles/CMakeTmp'
/usr/bin/make -f CMakeFiles/cmTryCompileExec4117075106.dir/build.make CMakeFiles/cmTryCompileExec4117075106.dir/build
make[2]: Entering directory '/home/salabeta/robocomp/components/RoboticaAvanzada/LegControllerComp/CMakeFiles/CMakeTmp'
/usr/bin/cmake -E cmake_progress_report /home/robocomp/robocomp/components/RoboticaAvanzada/LegControllerComp/CMakeFiles/CMakeTmp/CMakeFiles 1
Building CXX object CMakeFiles/cmTryCompileExec4117075106.dir/CheckSymbolExists.cxx.o
/usr/bin/c++    -I/usr/include/qt4    -o CMakeFiles/cmTryCompileExec4117075106.dir/CheckSymbolExists.cxx.o -c /home/robocomp/robocomp/components/RoboticaAvanzada/LegControllerComp/CMakeFiles/CMakeTmp/CheckSymbolExists.cxx
/home/robocomp/robocomp/components/RoboticaAvanzada/LegControllerComp/CMakeFiles/CMakeTmp/CheckSymbolExists.cxx: In function ‘int main(int, char**)’:
/home/robocomp/robocomp/components/RoboticaAvanzada/LegControllerComp/CMakeFiles/CMakeTmp/CheckSymbolExists.cxx:8:19: error: ‘Q_WS_QWS’ was not declared in this scope
   return ((int*)(&Q_WS_QWS))[argc];
                   ^
CMakeFiles/cmTryCompileExec4117075106.dir/build.make:57: recipe for target 'CMakeFiles/cmTryCompileExec4117075106.dir/CheckSymbolExists.cxx.o' failed
make[2]: *** [CMakeFiles/cmTryCompileExec4117075106.dir/CheckSymbolExists.cxx.o] Error 1
make[2]: Leaving directory '/home/salabeta/robocomp/components/RoboticaAvanzada/LegControllerComp/CMakeFiles/CMakeTmp'
Makefile:117: recipe for target 'cmTryCompileExec4117075106/fast' failed
make[1]: Leaving directory '/home/salabeta/robocomp/components/RoboticaAvanzada/LegControllerComp/CMakeFiles/CMakeTmp'
make[1]: *** [cmTryCompileExec4117075106/fast] Error 2

File /home/robocomp/robocomp/components/RoboticaAvanzada/LegControllerComp/CMakeFiles/CMakeTmp/CheckSymbolExists.cxx:
/* */
#include <QtCore/qglobal.h>

int main(int argc, char** argv)
{
  (void)argv;
#ifndef Q_WS_QWS
  return ((int*)(&Q_WS_QWS))[argc];
#else
  (void)argc;
  return 0;
#endif
}

Determining if the Q_WS_MAC exist failed with the following output:
Change Dir: /home/robocomp/robocomp/components/RoboticaAvanzada/LegControllerComp/CMakeFiles/CMakeTmp

Run Build Command:"/usr/bin/make" "cmTryCompileExec2809195684/fast"
make[1]: Entering directory '/home/salabeta/robocomp/components/RoboticaAvanzada/LegControllerComp/CMakeFiles/CMakeTmp'
/usr/bin/make -f CMakeFiles/cmTryCompileExec2809195684.dir/build.make CMakeFiles/cmTryCompileExec2809195684.dir/build
make[2]: Entering directory '/home/salabeta/robocomp/components/RoboticaAvanzada/LegControllerComp/CMakeFiles/CMakeTmp'
/usr/bin/cmake -E cmake_progress_report /home/robocomp/robocomp/components/RoboticaAvanzada/LegControllerComp/CMakeFiles/CMakeTmp/CMakeFiles 1
Building CXX object CMakeFiles/cmTryCompileExec2809195684.dir/CheckSymbolExists.cxx.o
/usr/bin/c++    -I/usr/include/qt4    -o CMakeFiles/cmTryCompileExec2809195684.dir/CheckSymbolExists.cxx.o -c /home/robocomp/robocomp/components/RoboticaAvanzada/LegControllerComp/CMakeFiles/CMakeTmp/CheckSymbolExists.cxx
/home/robocomp/robocomp/components/RoboticaAvanzada/LegControllerComp/CMakeFiles/CMakeTmp/CheckSymbolExists.cxx: In function ‘int main(int, char**)’:
/home/robocomp/robocomp/components/RoboticaAvanzada/LegControllerComp/CMakeFiles/CMakeTmp/CheckSymbolExists.cxx:8:19: error: ‘Q_WS_MAC’ was not declared in this scope
   return ((int*)(&Q_WS_MAC))[argc];
                   ^
CMakeFiles/cmTryCompileExec2809195684.dir/build.make:57: recipe for target 'CMakeFiles/cmTryCompileExec2809195684.dir/CheckSymbolExists.cxx.o' failed
make[2]: *** [CMakeFiles/cmTryCompileExec2809195684.dir/CheckSymbolExists.cxx.o] Error 1
make[2]: Leaving directory '/home/salabeta/robocomp/components/RoboticaAvanzada/LegControllerComp/CMakeFiles/CMakeTmp'
Makefile:117: recipe for target 'cmTryCompileExec2809195684/fast' failed
make[1]: Leaving directory '/home/salabeta/robocomp/components/RoboticaAvanzada/LegControllerComp/CMakeFiles/CMakeTmp'
make[1]: *** [cmTryCompileExec2809195684/fast] Error 2

File /home/robocomp/robocomp/components/RoboticaAvanzada/LegControllerComp/CMakeFiles/CMakeTmp/CheckSymbolExists.cxx:
/* */
#include <QtCore/qglobal.h>

int main(int argc, char** argv)
{
  (void)argv;
#ifndef Q_WS_MAC
  return ((int*)(&Q_WS_MAC))[argc];
#else
  (void)argc;
  return 0;
#endif
}

